<?xml version="1.0" encoding="UTF-8"?>
<testsuite xmlns:xsi="http://www.w3.org/2001/XMLSchema-instance" xsi:noNamespaceSchemaLocation="https://maven.apache.org/surefire/maven-surefire-plugin/xsd/surefire-test-report.xsd" name="com.ac.cooperativism.v1.services.VoteServiceImplTest" time="0.18" tests="7" errors="0" skipped="0" failures="0">
  <properties>
[...]
</properties>
  <testcase name="createVoteShouldReturnVoteModel" classname="com.ac.cooperativism.v1.services.VoteServiceImplTest" time="0.149"/>
  <testcase name="getAlreadyVotedExceptionWhenAssociateAlreadyVotedForTopic" classname="com.ac.cooperativism.v1.services.VoteServiceImplTest" time="0.003"/>
  <testcase name="countVotesShouldReturnCountVoteModel" classname="com.ac.cooperativism.v1.services.VoteServiceImplTest" time="0.007"/>
  <testcase name="getSessionNotOpenedExceptionWhenSessionNotOpenedForTopic" classname="com.ac.cooperativism.v1.services.VoteServiceImplTest" time="0.006"/>
  <testcase name="getUserInvalidExceptionWhenAssociateUnableToVote" classname="com.ac.cooperativism.v1.services.VoteServiceImplTest" time="0.003"/>
  <testcase name="getCloseDateEndedSessionExceptionWhenCloseDateEnded" classname="com.ac.cooperativism.v1.services.VoteServiceImplTest" time="0.004"/>
  <testcase name="getTopicNotFoundExceptionWhenCreateVoteOrCountVotes" classname="com.ac.cooperativism.v1.services.VoteServiceImplTest" time="0.002"/>
</testsuite>